C:\USERS\STAND\PROGRAMING_LOCAL\C\XBOX\PROJECTS\XBOXTLS\RELEASE\AES_BIG_CBCDEC.OBJ
C:\USERS\STAND\PROGRAMING_LOCAL\C\XBOX\PROJECTS\XBOXTLS\RELEASE\AES_BIG_CBCENC.OBJ
C:\USERS\STAND\PROGRAMING_LOCAL\C\XBOX\PROJECTS\XBOXTLS\RELEASE\AES_BIG_CTR.OBJ
C:\USERS\STAND\PROGRAMING_LOCAL\C\XBOX\PROJECTS\XBOXTLS\RELEASE\AES_BIG_CTRCBC.OBJ
C:\USERS\STAND\PROGRAMING_LOCAL\C\XBOX\PROJECTS\XBOXTLS\RELEASE\AES_BIG_DEC.OBJ
C:\USERS\STAND\PROGRAMING_LOCAL\C\XBOX\PROJECTS\XBOXTLS\RELEASE\AES_BIG_ENC.OBJ
C:\USERS\STAND\PROGRAMING_LOCAL\C\XBOX\PROJECTS\XBOXTLS\RELEASE\AES_COMMON.OBJ
C:\USERS\STAND\PROGRAMING_LOCAL\C\XBOX\PROJECTS\XBOXTLS\RELEASE\AES_CT.OBJ
C:\USERS\STAND\PROGRAMING_LOCAL\C\XBOX\PROJECTS\XBOXTLS\RELEASE\AES_CT_CBCDEC.OBJ
C:\USERS\STAND\PROGRAMING_LOCAL\C\XBOX\PROJECTS\XBOXTLS\RELEASE\AES_CT_CBCENC.OBJ
C:\USERS\STAND\PROGRAMING_LOCAL\C\XBOX\PROJECTS\XBOXTLS\RELEASE\AES_CT_CTR.OBJ
C:\USERS\STAND\PROGRAMING_LOCAL\C\XBOX\PROJECTS\XBOXTLS\RELEASE\AES_CT_CTRCBC.OBJ
C:\USERS\STAND\PROGRAMING_LOCAL\C\XBOX\PROJECTS\XBOXTLS\RELEASE\AES_CT_DEC.OBJ
C:\USERS\STAND\PROGRAMING_LOCAL\C\XBOX\PROJECTS\XBOXTLS\RELEASE\AES_CT_ENC.OBJ
C:\USERS\STAND\PROGRAMING_LOCAL\C\XBOX\PROJECTS\XBOXTLS\RELEASE\AES_CT64.OBJ
C:\USERS\STAND\PROGRAMING_LOCAL\C\XBOX\PROJECTS\XBOXTLS\RELEASE\AES_CT64_CBCDEC.OBJ
C:\USERS\STAND\PROGRAMING_LOCAL\C\XBOX\PROJECTS\XBOXTLS\RELEASE\AES_CT64_CBCENC.OBJ
C:\USERS\STAND\PROGRAMING_LOCAL\C\XBOX\PROJECTS\XBOXTLS\RELEASE\AES_CT64_CTR.OBJ
C:\USERS\STAND\PROGRAMING_LOCAL\C\XBOX\PROJECTS\XBOXTLS\RELEASE\AES_CT64_CTRCBC.OBJ
C:\USERS\STAND\PROGRAMING_LOCAL\C\XBOX\PROJECTS\XBOXTLS\RELEASE\AES_CT64_DEC.OBJ
C:\USERS\STAND\PROGRAMING_LOCAL\C\XBOX\PROJECTS\XBOXTLS\RELEASE\AES_CT64_ENC.OBJ
C:\USERS\STAND\PROGRAMING_LOCAL\C\XBOX\PROJECTS\XBOXTLS\RELEASE\AES_PWR8.OBJ
C:\USERS\STAND\PROGRAMING_LOCAL\C\XBOX\PROJECTS\XBOXTLS\RELEASE\AES_PWR8_CBCDEC.OBJ
C:\USERS\STAND\PROGRAMING_LOCAL\C\XBOX\PROJECTS\XBOXTLS\RELEASE\AES_PWR8_CBCENC.OBJ
C:\USERS\STAND\PROGRAMING_LOCAL\C\XBOX\PROJECTS\XBOXTLS\RELEASE\AES_PWR8_CTR.OBJ
C:\USERS\STAND\PROGRAMING_LOCAL\C\XBOX\PROJECTS\XBOXTLS\RELEASE\AES_PWR8_CTRCBC.OBJ
C:\USERS\STAND\PROGRAMING_LOCAL\C\XBOX\PROJECTS\XBOXTLS\RELEASE\AES_SMALL_CBCDEC.OBJ
C:\USERS\STAND\PROGRAMING_LOCAL\C\XBOX\PROJECTS\XBOXTLS\RELEASE\AES_SMALL_CBCENC.OBJ
C:\USERS\STAND\PROGRAMING_LOCAL\C\XBOX\PROJECTS\XBOXTLS\RELEASE\AES_SMALL_CTR.OBJ
C:\USERS\STAND\PROGRAMING_LOCAL\C\XBOX\PROJECTS\XBOXTLS\RELEASE\AES_SMALL_CTRCBC.OBJ
C:\USERS\STAND\PROGRAMING_LOCAL\C\XBOX\PROJECTS\XBOXTLS\RELEASE\AES_SMALL_DEC.OBJ
C:\USERS\STAND\PROGRAMING_LOCAL\C\XBOX\PROJECTS\XBOXTLS\RELEASE\AES_SMALL_ENC.OBJ
C:\USERS\STAND\PROGRAMING_LOCAL\C\XBOX\PROJECTS\XBOXTLS\RELEASE\AES_X86NI.OBJ
C:\USERS\STAND\PROGRAMING_LOCAL\C\XBOX\PROJECTS\XBOXTLS\RELEASE\AES_X86NI_CBCDEC.OBJ
C:\USERS\STAND\PROGRAMING_LOCAL\C\XBOX\PROJECTS\XBOXTLS\RELEASE\AES_X86NI_CBCENC.OBJ
C:\USERS\STAND\PROGRAMING_LOCAL\C\XBOX\PROJECTS\XBOXTLS\RELEASE\AES_X86NI_CTR.OBJ
C:\USERS\STAND\PROGRAMING_LOCAL\C\XBOX\PROJECTS\XBOXTLS\RELEASE\AES_X86NI_CTRCBC.OBJ
C:\USERS\STAND\PROGRAMING_LOCAL\C\XBOX\PROJECTS\XBOXTLS\RELEASE\AESCTR_DRBG.OBJ
C:\USERS\STAND\PROGRAMING_LOCAL\C\XBOX\PROJECTS\XBOXTLS\RELEASE\ASN1ENC.OBJ
C:\USERS\STAND\PROGRAMING_LOCAL\C\XBOX\PROJECTS\XBOXTLS\RELEASE\AUTOMATION.OBJ
C:\USERS\STAND\PROGRAMING_LOCAL\C\XBOX\PROJECTS\XBOXTLS\RELEASE\CCM.OBJ
C:\USERS\STAND\PROGRAMING_LOCAL\C\XBOX\PROJECTS\XBOXTLS\RELEASE\CCOPY.OBJ
C:\USERS\STAND\PROGRAMING_LOCAL\C\XBOX\PROJECTS\XBOXTLS\RELEASE\CHACHA20_CT.OBJ
C:\USERS\STAND\PROGRAMING_LOCAL\C\XBOX\PROJECTS\XBOXTLS\RELEASE\CHACHA20_SSE2.OBJ
C:\Users\stand\Programing_Local\C\XBOX\projects\XboxTLS\Release\cl.command.1.tlog
C:\Users\stand\Programing_Local\C\XBOX\projects\XboxTLS\Release\CL.read.1.tlog
C:\Users\stand\Programing_Local\C\XBOX\projects\XboxTLS\Release\CL.write.1.tlog
C:\USERS\STAND\PROGRAMING_LOCAL\C\XBOX\PROJECTS\XBOXTLS\RELEASE\CORONA4G.OBJ
C:\Users\stand\Programing_Local\C\XBOX\projects\XboxTLS\Release\custombuild.command.1.tlog
C:\Users\stand\Programing_Local\C\XBOX\projects\XboxTLS\Release\custombuild.read.1.tlog
C:\Users\stand\Programing_Local\C\XBOX\projects\XboxTLS\Release\custombuild.write.1.tlog
C:\USERS\STAND\PROGRAMING_LOCAL\C\XBOX\PROJECTS\XBOXTLS\RELEASE\DEBUG.OBJ
C:\USERS\STAND\PROGRAMING_LOCAL\C\XBOX\PROJECTS\XBOXTLS\RELEASE\DEC16BE.OBJ
C:\USERS\STAND\PROGRAMING_LOCAL\C\XBOX\PROJECTS\XBOXTLS\RELEASE\DEC16LE.OBJ
C:\USERS\STAND\PROGRAMING_LOCAL\C\XBOX\PROJECTS\XBOXTLS\RELEASE\DEC32BE.OBJ
C:\USERS\STAND\PROGRAMING_LOCAL\C\XBOX\PROJECTS\XBOXTLS\RELEASE\DEC32LE.OBJ
C:\USERS\STAND\PROGRAMING_LOCAL\C\XBOX\PROJECTS\XBOXTLS\RELEASE\DEC64BE.OBJ
C:\USERS\STAND\PROGRAMING_LOCAL\C\XBOX\PROJECTS\XBOXTLS\RELEASE\DEC64LE.OBJ
C:\USERS\STAND\PROGRAMING_LOCAL\C\XBOX\PROJECTS\XBOXTLS\RELEASE\DES_CT.OBJ
C:\USERS\STAND\PROGRAMING_LOCAL\C\XBOX\PROJECTS\XBOXTLS\RELEASE\DES_CT_CBCDEC.OBJ
C:\USERS\STAND\PROGRAMING_LOCAL\C\XBOX\PROJECTS\XBOXTLS\RELEASE\DES_CT_CBCENC.OBJ
C:\USERS\STAND\PROGRAMING_LOCAL\C\XBOX\PROJECTS\XBOXTLS\RELEASE\DES_SUPPORT.OBJ
C:\USERS\STAND\PROGRAMING_LOCAL\C\XBOX\PROJECTS\XBOXTLS\RELEASE\DES_TAB.OBJ
C:\USERS\STAND\PROGRAMING_LOCAL\C\XBOX\PROJECTS\XBOXTLS\RELEASE\DES_TAB_CBCDEC.OBJ
C:\USERS\STAND\PROGRAMING_LOCAL\C\XBOX\PROJECTS\XBOXTLS\RELEASE\DES_TAB_CBCENC.OBJ
C:\USERS\STAND\PROGRAMING_LOCAL\C\XBOX\PROJECTS\XBOXTLS\RELEASE\DIG_OID.OBJ
C:\USERS\STAND\PROGRAMING_LOCAL\C\XBOX\PROJECTS\XBOXTLS\RELEASE\DIG_SIZE.OBJ
C:\USERS\STAND\PROGRAMING_LOCAL\C\XBOX\PROJECTS\XBOXTLS\RELEASE\DNS.OBJ
C:\USERS\STAND\PROGRAMING_LOCAL\C\XBOX\PROJECTS\XBOXTLS\RELEASE\DOWNLOADFILE.OBJ
C:\USERS\STAND\PROGRAMING_LOCAL\C\XBOX\PROJECTS\XBOXTLS\RELEASE\EAX.OBJ
C:\USERS\STAND\PROGRAMING_LOCAL\C\XBOX\PROJECTS\XBOXTLS\RELEASE\EC_ALL_M15.OBJ
C:\USERS\STAND\PROGRAMING_LOCAL\C\XBOX\PROJECTS\XBOXTLS\RELEASE\EC_ALL_M31.OBJ
C:\USERS\STAND\PROGRAMING_LOCAL\C\XBOX\PROJECTS\XBOXTLS\RELEASE\EC_C25519_I15.OBJ
C:\USERS\STAND\PROGRAMING_LOCAL\C\XBOX\PROJECTS\XBOXTLS\RELEASE\EC_C25519_I31.OBJ
C:\USERS\STAND\PROGRAMING_LOCAL\C\XBOX\PROJECTS\XBOXTLS\RELEASE\EC_C25519_M15.OBJ
C:\USERS\STAND\PROGRAMING_LOCAL\C\XBOX\PROJECTS\XBOXTLS\RELEASE\EC_C25519_M31.OBJ
C:\USERS\STAND\PROGRAMING_LOCAL\C\XBOX\PROJECTS\XBOXTLS\RELEASE\EC_C25519_M62.OBJ
C:\USERS\STAND\PROGRAMING_LOCAL\C\XBOX\PROJECTS\XBOXTLS\RELEASE\EC_C25519_M64.OBJ
C:\USERS\STAND\PROGRAMING_LOCAL\C\XBOX\PROJECTS\XBOXTLS\RELEASE\EC_CURVE25519.OBJ
C:\USERS\STAND\PROGRAMING_LOCAL\C\XBOX\PROJECTS\XBOXTLS\RELEASE\EC_DEFAULT.OBJ
C:\USERS\STAND\PROGRAMING_LOCAL\C\XBOX\PROJECTS\XBOXTLS\RELEASE\EC_KEYGEN.OBJ
C:\USERS\STAND\PROGRAMING_LOCAL\C\XBOX\PROJECTS\XBOXTLS\RELEASE\EC_P256_M15.OBJ
C:\USERS\STAND\PROGRAMING_LOCAL\C\XBOX\PROJECTS\XBOXTLS\RELEASE\EC_P256_M31.OBJ
C:\USERS\STAND\PROGRAMING_LOCAL\C\XBOX\PROJECTS\XBOXTLS\RELEASE\EC_P256_M62.OBJ
C:\USERS\STAND\PROGRAMING_LOCAL\C\XBOX\PROJECTS\XBOXTLS\RELEASE\EC_P256_M64.OBJ
C:\USERS\STAND\PROGRAMING_LOCAL\C\XBOX\PROJECTS\XBOXTLS\RELEASE\EC_PRIME_I15.OBJ
C:\USERS\STAND\PROGRAMING_LOCAL\C\XBOX\PROJECTS\XBOXTLS\RELEASE\EC_PRIME_I31.OBJ
C:\USERS\STAND\PROGRAMING_LOCAL\C\XBOX\PROJECTS\XBOXTLS\RELEASE\EC_PUBKEY.OBJ
C:\USERS\STAND\PROGRAMING_LOCAL\C\XBOX\PROJECTS\XBOXTLS\RELEASE\EC_SECP256R1.OBJ
C:\USERS\STAND\PROGRAMING_LOCAL\C\XBOX\PROJECTS\XBOXTLS\RELEASE\EC_SECP384R1.OBJ
C:\USERS\STAND\PROGRAMING_LOCAL\C\XBOX\PROJECTS\XBOXTLS\RELEASE\EC_SECP521R1.OBJ
C:\USERS\STAND\PROGRAMING_LOCAL\C\XBOX\PROJECTS\XBOXTLS\RELEASE\ECDSA_ATR.OBJ
C:\USERS\STAND\PROGRAMING_LOCAL\C\XBOX\PROJECTS\XBOXTLS\RELEASE\ECDSA_DEFAULT_SIGN_ASN1.OBJ
C:\USERS\STAND\PROGRAMING_LOCAL\C\XBOX\PROJECTS\XBOXTLS\RELEASE\ECDSA_DEFAULT_SIGN_RAW.OBJ
C:\USERS\STAND\PROGRAMING_LOCAL\C\XBOX\PROJECTS\XBOXTLS\RELEASE\ECDSA_DEFAULT_VRFY_ASN1.OBJ
C:\USERS\STAND\PROGRAMING_LOCAL\C\XBOX\PROJECTS\XBOXTLS\RELEASE\ECDSA_DEFAULT_VRFY_RAW.OBJ
C:\USERS\STAND\PROGRAMING_LOCAL\C\XBOX\PROJECTS\XBOXTLS\RELEASE\ECDSA_I15_BITS.OBJ
C:\USERS\STAND\PROGRAMING_LOCAL\C\XBOX\PROJECTS\XBOXTLS\RELEASE\ECDSA_I15_SIGN_ASN1.OBJ
C:\USERS\STAND\PROGRAMING_LOCAL\C\XBOX\PROJECTS\XBOXTLS\RELEASE\ECDSA_I15_SIGN_RAW.OBJ
C:\USERS\STAND\PROGRAMING_LOCAL\C\XBOX\PROJECTS\XBOXTLS\RELEASE\ECDSA_I15_VRFY_ASN1.OBJ
C:\USERS\STAND\PROGRAMING_LOCAL\C\XBOX\PROJECTS\XBOXTLS\RELEASE\ECDSA_I15_VRFY_RAW.OBJ
C:\USERS\STAND\PROGRAMING_LOCAL\C\XBOX\PROJECTS\XBOXTLS\RELEASE\ECDSA_I31_BITS.OBJ
C:\USERS\STAND\PROGRAMING_LOCAL\C\XBOX\PROJECTS\XBOXTLS\RELEASE\ECDSA_I31_SIGN_ASN1.OBJ
C:\USERS\STAND\PROGRAMING_LOCAL\C\XBOX\PROJECTS\XBOXTLS\RELEASE\ECDSA_I31_SIGN_RAW.OBJ
C:\USERS\STAND\PROGRAMING_LOCAL\C\XBOX\PROJECTS\XBOXTLS\RELEASE\ECDSA_I31_VRFY_ASN1.OBJ
C:\USERS\STAND\PROGRAMING_LOCAL\C\XBOX\PROJECTS\XBOXTLS\RELEASE\ECDSA_I31_VRFY_RAW.OBJ
C:\USERS\STAND\PROGRAMING_LOCAL\C\XBOX\PROJECTS\XBOXTLS\RELEASE\ECDSA_RTA.OBJ
C:\USERS\STAND\PROGRAMING_LOCAL\C\XBOX\PROJECTS\XBOXTLS\RELEASE\ENC16BE.OBJ
C:\USERS\STAND\PROGRAMING_LOCAL\C\XBOX\PROJECTS\XBOXTLS\RELEASE\ENC16LE.OBJ
C:\USERS\STAND\PROGRAMING_LOCAL\C\XBOX\PROJECTS\XBOXTLS\RELEASE\ENC32BE.OBJ
C:\USERS\STAND\PROGRAMING_LOCAL\C\XBOX\PROJECTS\XBOXTLS\RELEASE\ENC32LE.OBJ
C:\USERS\STAND\PROGRAMING_LOCAL\C\XBOX\PROJECTS\XBOXTLS\RELEASE\ENC64BE.OBJ
C:\USERS\STAND\PROGRAMING_LOCAL\C\XBOX\PROJECTS\XBOXTLS\RELEASE\ENC64LE.OBJ
C:\USERS\STAND\PROGRAMING_LOCAL\C\XBOX\PROJECTS\XBOXTLS\RELEASE\ENCODE_EC_PK8DER.OBJ
C:\USERS\STAND\PROGRAMING_LOCAL\C\XBOX\PROJECTS\XBOXTLS\RELEASE\ENCODE_EC_RAWDER.OBJ
C:\USERS\STAND\PROGRAMING_LOCAL\C\XBOX\PROJECTS\XBOXTLS\RELEASE\ENCODE_RSA_PK8DER.OBJ
C:\USERS\STAND\PROGRAMING_LOCAL\C\XBOX\PROJECTS\XBOXTLS\RELEASE\ENCODE_RSA_RAWDER.OBJ
C:\USERS\STAND\PROGRAMING_LOCAL\C\XBOX\PROJECTS\XBOXTLS\RELEASE\GCM.OBJ
C:\USERS\STAND\PROGRAMING_LOCAL\C\XBOX\PROJECTS\XBOXTLS\RELEASE\GHASH_CTMUL.OBJ
C:\USERS\STAND\PROGRAMING_LOCAL\C\XBOX\PROJECTS\XBOXTLS\RELEASE\GHASH_CTMUL32.OBJ
C:\USERS\STAND\PROGRAMING_LOCAL\C\XBOX\PROJECTS\XBOXTLS\RELEASE\GHASH_CTMUL64.OBJ
C:\USERS\STAND\PROGRAMING_LOCAL\C\XBOX\PROJECTS\XBOXTLS\RELEASE\GHASH_PCLMUL.OBJ
C:\USERS\STAND\PROGRAMING_LOCAL\C\XBOX\PROJECTS\XBOXTLS\RELEASE\GHASH_PWR8.OBJ
C:\USERS\STAND\PROGRAMING_LOCAL\C\XBOX\PROJECTS\XBOXTLS\RELEASE\HMAC.OBJ
C:\USERS\STAND\PROGRAMING_LOCAL\C\XBOX\PROJECTS\XBOXTLS\RELEASE\HMAC_CT.OBJ
C:\USERS\STAND\PROGRAMING_LOCAL\C\XBOX\PROJECTS\XBOXTLS\RELEASE\HMAC_DRBG.OBJ
C:\USERS\STAND\PROGRAMING_LOCAL\C\XBOX\PROJECTS\XBOXTLS\RELEASE\I15_ADD.OBJ
C:\USERS\STAND\PROGRAMING_LOCAL\C\XBOX\PROJECTS\XBOXTLS\RELEASE\I15_BITLEN.OBJ
C:\USERS\STAND\PROGRAMING_LOCAL\C\XBOX\PROJECTS\XBOXTLS\RELEASE\I15_DECMOD.OBJ
C:\USERS\STAND\PROGRAMING_LOCAL\C\XBOX\PROJECTS\XBOXTLS\RELEASE\I15_DECODE.OBJ
C:\USERS\STAND\PROGRAMING_LOCAL\C\XBOX\PROJECTS\XBOXTLS\RELEASE\I15_DECRED.OBJ
C:\USERS\STAND\PROGRAMING_LOCAL\C\XBOX\PROJECTS\XBOXTLS\RELEASE\I15_ENCODE.OBJ
C:\USERS\STAND\PROGRAMING_LOCAL\C\XBOX\PROJECTS\XBOXTLS\RELEASE\I15_FMONT.OBJ
C:\USERS\STAND\PROGRAMING_LOCAL\C\XBOX\PROJECTS\XBOXTLS\RELEASE\I15_ISZERO.OBJ
C:\USERS\STAND\PROGRAMING_LOCAL\C\XBOX\PROJECTS\XBOXTLS\RELEASE\I15_MODDIV.OBJ
C:\USERS\STAND\PROGRAMING_LOCAL\C\XBOX\PROJECTS\XBOXTLS\RELEASE\I15_MODPOW.OBJ
C:\USERS\STAND\PROGRAMING_LOCAL\C\XBOX\PROJECTS\XBOXTLS\RELEASE\I15_MODPOW2.OBJ
C:\USERS\STAND\PROGRAMING_LOCAL\C\XBOX\PROJECTS\XBOXTLS\RELEASE\I15_MONTMUL.OBJ
C:\USERS\STAND\PROGRAMING_LOCAL\C\XBOX\PROJECTS\XBOXTLS\RELEASE\I15_MULACC.OBJ
C:\USERS\STAND\PROGRAMING_LOCAL\C\XBOX\PROJECTS\XBOXTLS\RELEASE\I15_MULADD.OBJ
C:\USERS\STAND\PROGRAMING_LOCAL\C\XBOX\PROJECTS\XBOXTLS\RELEASE\I15_NINV15.OBJ
C:\USERS\STAND\PROGRAMING_LOCAL\C\XBOX\PROJECTS\XBOXTLS\RELEASE\I15_REDUCE.OBJ
C:\USERS\STAND\PROGRAMING_LOCAL\C\XBOX\PROJECTS\XBOXTLS\RELEASE\I15_RSHIFT.OBJ
C:\USERS\STAND\PROGRAMING_LOCAL\C\XBOX\PROJECTS\XBOXTLS\RELEASE\I15_SUB.OBJ
C:\USERS\STAND\PROGRAMING_LOCAL\C\XBOX\PROJECTS\XBOXTLS\RELEASE\I15_TMONT.OBJ
C:\USERS\STAND\PROGRAMING_LOCAL\C\XBOX\PROJECTS\XBOXTLS\RELEASE\I31_ADD.OBJ
C:\USERS\STAND\PROGRAMING_LOCAL\C\XBOX\PROJECTS\XBOXTLS\RELEASE\I31_BITLEN.OBJ
C:\USERS\STAND\PROGRAMING_LOCAL\C\XBOX\PROJECTS\XBOXTLS\RELEASE\I31_DECMOD.OBJ
C:\USERS\STAND\PROGRAMING_LOCAL\C\XBOX\PROJECTS\XBOXTLS\RELEASE\I31_DECODE.OBJ
C:\USERS\STAND\PROGRAMING_LOCAL\C\XBOX\PROJECTS\XBOXTLS\RELEASE\I31_DECRED.OBJ
C:\USERS\STAND\PROGRAMING_LOCAL\C\XBOX\PROJECTS\XBOXTLS\RELEASE\I31_ENCODE.OBJ
C:\USERS\STAND\PROGRAMING_LOCAL\C\XBOX\PROJECTS\XBOXTLS\RELEASE\I31_FMONT.OBJ
C:\USERS\STAND\PROGRAMING_LOCAL\C\XBOX\PROJECTS\XBOXTLS\RELEASE\I31_ISZERO.OBJ
C:\USERS\STAND\PROGRAMING_LOCAL\C\XBOX\PROJECTS\XBOXTLS\RELEASE\I31_MODDIV.OBJ
C:\USERS\STAND\PROGRAMING_LOCAL\C\XBOX\PROJECTS\XBOXTLS\RELEASE\I31_MODPOW.OBJ
C:\USERS\STAND\PROGRAMING_LOCAL\C\XBOX\PROJECTS\XBOXTLS\RELEASE\I31_MODPOW2.OBJ
C:\USERS\STAND\PROGRAMING_LOCAL\C\XBOX\PROJECTS\XBOXTLS\RELEASE\I31_MONTMUL.OBJ
C:\USERS\STAND\PROGRAMING_LOCAL\C\XBOX\PROJECTS\XBOXTLS\RELEASE\I31_MULACC.OBJ
C:\USERS\STAND\PROGRAMING_LOCAL\C\XBOX\PROJECTS\XBOXTLS\RELEASE\I31_MULADD.OBJ
C:\USERS\STAND\PROGRAMING_LOCAL\C\XBOX\PROJECTS\XBOXTLS\RELEASE\I31_NINV31.OBJ
C:\USERS\STAND\PROGRAMING_LOCAL\C\XBOX\PROJECTS\XBOXTLS\RELEASE\I31_REDUCE.OBJ
C:\USERS\STAND\PROGRAMING_LOCAL\C\XBOX\PROJECTS\XBOXTLS\RELEASE\I31_RSHIFT.OBJ
C:\USERS\STAND\PROGRAMING_LOCAL\C\XBOX\PROJECTS\XBOXTLS\RELEASE\I31_SUB.OBJ
C:\USERS\STAND\PROGRAMING_LOCAL\C\XBOX\PROJECTS\XBOXTLS\RELEASE\I31_TMONT.OBJ
C:\USERS\STAND\PROGRAMING_LOCAL\C\XBOX\PROJECTS\XBOXTLS\RELEASE\I32_ADD.OBJ
C:\USERS\STAND\PROGRAMING_LOCAL\C\XBOX\PROJECTS\XBOXTLS\RELEASE\I32_BITLEN.OBJ
C:\USERS\STAND\PROGRAMING_LOCAL\C\XBOX\PROJECTS\XBOXTLS\RELEASE\I32_DECMOD.OBJ
C:\USERS\STAND\PROGRAMING_LOCAL\C\XBOX\PROJECTS\XBOXTLS\RELEASE\I32_DECODE.OBJ
C:\USERS\STAND\PROGRAMING_LOCAL\C\XBOX\PROJECTS\XBOXTLS\RELEASE\I32_DECRED.OBJ
C:\USERS\STAND\PROGRAMING_LOCAL\C\XBOX\PROJECTS\XBOXTLS\RELEASE\I32_DIV32.OBJ
C:\USERS\STAND\PROGRAMING_LOCAL\C\XBOX\PROJECTS\XBOXTLS\RELEASE\I32_ENCODE.OBJ
C:\USERS\STAND\PROGRAMING_LOCAL\C\XBOX\PROJECTS\XBOXTLS\RELEASE\I32_FMONT.OBJ
C:\USERS\STAND\PROGRAMING_LOCAL\C\XBOX\PROJECTS\XBOXTLS\RELEASE\I32_ISZERO.OBJ
C:\USERS\STAND\PROGRAMING_LOCAL\C\XBOX\PROJECTS\XBOXTLS\RELEASE\I32_MODPOW.OBJ
C:\USERS\STAND\PROGRAMING_LOCAL\C\XBOX\PROJECTS\XBOXTLS\RELEASE\I32_MONTMUL.OBJ
C:\USERS\STAND\PROGRAMING_LOCAL\C\XBOX\PROJECTS\XBOXTLS\RELEASE\I32_MULACC.OBJ
C:\USERS\STAND\PROGRAMING_LOCAL\C\XBOX\PROJECTS\XBOXTLS\RELEASE\I32_MULADD.OBJ
C:\USERS\STAND\PROGRAMING_LOCAL\C\XBOX\PROJECTS\XBOXTLS\RELEASE\I32_NINV32.OBJ
C:\USERS\STAND\PROGRAMING_LOCAL\C\XBOX\PROJECTS\XBOXTLS\RELEASE\I32_REDUCE.OBJ
C:\USERS\STAND\PROGRAMING_LOCAL\C\XBOX\PROJECTS\XBOXTLS\RELEASE\I32_SUB.OBJ
C:\USERS\STAND\PROGRAMING_LOCAL\C\XBOX\PROJECTS\XBOXTLS\RELEASE\I32_TMONT.OBJ
C:\USERS\STAND\PROGRAMING_LOCAL\C\XBOX\PROJECTS\XBOXTLS\RELEASE\I62_MODPOW2.OBJ
C:\Users\stand\Programing_Local\C\XBOX\projects\XboxTLS\Release\link.command.1.tlog
C:\Users\stand\Programing_Local\C\XBOX\projects\XboxTLS\Release\link.read.1.tlog
C:\Users\stand\Programing_Local\C\XBOX\projects\XboxTLS\Release\link.write.1.tlog
C:\USERS\STAND\PROGRAMING_LOCAL\C\XBOX\PROJECTS\XBOXTLS\RELEASE\MAIN.OBJ
C:\USERS\STAND\PROGRAMING_LOCAL\C\XBOX\PROJECTS\XBOXTLS\RELEASE\MD5.OBJ
C:\USERS\STAND\PROGRAMING_LOCAL\C\XBOX\PROJECTS\XBOXTLS\RELEASE\MD5SHA1.OBJ
C:\USERS\STAND\PROGRAMING_LOCAL\C\XBOX\PROJECTS\XBOXTLS\RELEASE\MEDIA\FONTS\FONT.XPR
C:\USERS\STAND\PROGRAMING_LOCAL\C\XBOX\PROJECTS\XBOXTLS\RELEASE\MGF1.OBJ
C:\USERS\STAND\PROGRAMING_LOCAL\C\XBOX\PROJECTS\XBOXTLS\RELEASE\MULTIHASH.OBJ
C:\USERS\STAND\PROGRAMING_LOCAL\C\XBOX\PROJECTS\XBOXTLS\RELEASE\OUTPUTCONSOLE.OBJ
C:\USERS\STAND\PROGRAMING_LOCAL\C\XBOX\PROJECTS\XBOXTLS\RELEASE\PARSING.OBJ
C:\USERS\STAND\PROGRAMING_LOCAL\C\XBOX\PROJECTS\XBOXTLS\RELEASE\PEMDEC.OBJ
C:\USERS\STAND\PROGRAMING_LOCAL\C\XBOX\PROJECTS\XBOXTLS\RELEASE\PEMENC.OBJ
C:\USERS\STAND\PROGRAMING_LOCAL\C\XBOX\PROJECTS\XBOXTLS\RELEASE\POLY1305_CTMUL.OBJ
C:\USERS\STAND\PROGRAMING_LOCAL\C\XBOX\PROJECTS\XBOXTLS\RELEASE\POLY1305_CTMUL32.OBJ
C:\USERS\STAND\PROGRAMING_LOCAL\C\XBOX\PROJECTS\XBOXTLS\RELEASE\POLY1305_CTMULQ.OBJ
C:\USERS\STAND\PROGRAMING_LOCAL\C\XBOX\PROJECTS\XBOXTLS\RELEASE\POLY1305_I15.OBJ
C:\USERS\STAND\PROGRAMING_LOCAL\C\XBOX\PROJECTS\XBOXTLS\RELEASE\PRF.OBJ
C:\USERS\STAND\PROGRAMING_LOCAL\C\XBOX\PROJECTS\XBOXTLS\RELEASE\PRF_MD5SHA1.OBJ
C:\USERS\STAND\PROGRAMING_LOCAL\C\XBOX\PROJECTS\XBOXTLS\RELEASE\PRF_SHA256.OBJ
C:\USERS\STAND\PROGRAMING_LOCAL\C\XBOX\PROJECTS\XBOXTLS\RELEASE\PRF_SHA384.OBJ
C:\USERS\STAND\PROGRAMING_LOCAL\C\XBOX\PROJECTS\XBOXTLS\RELEASE\RSA_DEFAULT_KEYGEN.OBJ
C:\USERS\STAND\PROGRAMING_LOCAL\C\XBOX\PROJECTS\XBOXTLS\RELEASE\RSA_DEFAULT_MODULUS.OBJ
C:\USERS\STAND\PROGRAMING_LOCAL\C\XBOX\PROJECTS\XBOXTLS\RELEASE\RSA_DEFAULT_OAEP_DECRYPT.OBJ
C:\USERS\STAND\PROGRAMING_LOCAL\C\XBOX\PROJECTS\XBOXTLS\RELEASE\RSA_DEFAULT_OAEP_ENCRYPT.OBJ
C:\USERS\STAND\PROGRAMING_LOCAL\C\XBOX\PROJECTS\XBOXTLS\RELEASE\RSA_DEFAULT_PKCS1_SIGN.OBJ
C:\USERS\STAND\PROGRAMING_LOCAL\C\XBOX\PROJECTS\XBOXTLS\RELEASE\RSA_DEFAULT_PKCS1_VRFY.OBJ
C:\USERS\STAND\PROGRAMING_LOCAL\C\XBOX\PROJECTS\XBOXTLS\RELEASE\RSA_DEFAULT_PRIV.OBJ
C:\USERS\STAND\PROGRAMING_LOCAL\C\XBOX\PROJECTS\XBOXTLS\RELEASE\RSA_DEFAULT_PRIVEXP.OBJ
C:\USERS\STAND\PROGRAMING_LOCAL\C\XBOX\PROJECTS\XBOXTLS\RELEASE\RSA_DEFAULT_PSS_SIGN.OBJ
C:\USERS\STAND\PROGRAMING_LOCAL\C\XBOX\PROJECTS\XBOXTLS\RELEASE\RSA_DEFAULT_PSS_VRFY.OBJ
C:\USERS\STAND\PROGRAMING_LOCAL\C\XBOX\PROJECTS\XBOXTLS\RELEASE\RSA_DEFAULT_PUB.OBJ
C:\USERS\STAND\PROGRAMING_LOCAL\C\XBOX\PROJECTS\XBOXTLS\RELEASE\RSA_DEFAULT_PUBEXP.OBJ
C:\USERS\STAND\PROGRAMING_LOCAL\C\XBOX\PROJECTS\XBOXTLS\RELEASE\RSA_I15_KEYGEN.OBJ
C:\USERS\STAND\PROGRAMING_LOCAL\C\XBOX\PROJECTS\XBOXTLS\RELEASE\RSA_I15_MODULUS.OBJ
C:\USERS\STAND\PROGRAMING_LOCAL\C\XBOX\PROJECTS\XBOXTLS\RELEASE\RSA_I15_OAEP_DECRYPT.OBJ
C:\USERS\STAND\PROGRAMING_LOCAL\C\XBOX\PROJECTS\XBOXTLS\RELEASE\RSA_I15_OAEP_ENCRYPT.OBJ
C:\USERS\STAND\PROGRAMING_LOCAL\C\XBOX\PROJECTS\XBOXTLS\RELEASE\RSA_I15_PKCS1_SIGN.OBJ
C:\USERS\STAND\PROGRAMING_LOCAL\C\XBOX\PROJECTS\XBOXTLS\RELEASE\RSA_I15_PKCS1_VRFY.OBJ
C:\USERS\STAND\PROGRAMING_LOCAL\C\XBOX\PROJECTS\XBOXTLS\RELEASE\RSA_I15_PRIV.OBJ
C:\USERS\STAND\PROGRAMING_LOCAL\C\XBOX\PROJECTS\XBOXTLS\RELEASE\RSA_I15_PRIVEXP.OBJ
C:\USERS\STAND\PROGRAMING_LOCAL\C\XBOX\PROJECTS\XBOXTLS\RELEASE\RSA_I15_PSS_SIGN.OBJ
C:\USERS\STAND\PROGRAMING_LOCAL\C\XBOX\PROJECTS\XBOXTLS\RELEASE\RSA_I15_PSS_VRFY.OBJ
C:\USERS\STAND\PROGRAMING_LOCAL\C\XBOX\PROJECTS\XBOXTLS\RELEASE\RSA_I15_PUB.OBJ
C:\USERS\STAND\PROGRAMING_LOCAL\C\XBOX\PROJECTS\XBOXTLS\RELEASE\RSA_I15_PUBEXP.OBJ
C:\USERS\STAND\PROGRAMING_LOCAL\C\XBOX\PROJECTS\XBOXTLS\RELEASE\RSA_I31_KEYGEN.OBJ
C:\USERS\STAND\PROGRAMING_LOCAL\C\XBOX\PROJECTS\XBOXTLS\RELEASE\RSA_I31_KEYGEN_INNER.OBJ
C:\USERS\STAND\PROGRAMING_LOCAL\C\XBOX\PROJECTS\XBOXTLS\RELEASE\RSA_I31_MODULUS.OBJ
C:\USERS\STAND\PROGRAMING_LOCAL\C\XBOX\PROJECTS\XBOXTLS\RELEASE\RSA_I31_OAEP_DECRYPT.OBJ
C:\USERS\STAND\PROGRAMING_LOCAL\C\XBOX\PROJECTS\XBOXTLS\RELEASE\RSA_I31_OAEP_ENCRYPT.OBJ
C:\USERS\STAND\PROGRAMING_LOCAL\C\XBOX\PROJECTS\XBOXTLS\RELEASE\RSA_I31_PKCS1_SIGN.OBJ
C:\USERS\STAND\PROGRAMING_LOCAL\C\XBOX\PROJECTS\XBOXTLS\RELEASE\RSA_I31_PKCS1_VRFY.OBJ
C:\USERS\STAND\PROGRAMING_LOCAL\C\XBOX\PROJECTS\XBOXTLS\RELEASE\RSA_I31_PRIV.OBJ
C:\USERS\STAND\PROGRAMING_LOCAL\C\XBOX\PROJECTS\XBOXTLS\RELEASE\RSA_I31_PRIVEXP.OBJ
C:\USERS\STAND\PROGRAMING_LOCAL\C\XBOX\PROJECTS\XBOXTLS\RELEASE\RSA_I31_PSS_SIGN.OBJ
C:\USERS\STAND\PROGRAMING_LOCAL\C\XBOX\PROJECTS\XBOXTLS\RELEASE\RSA_I31_PSS_VRFY.OBJ
C:\USERS\STAND\PROGRAMING_LOCAL\C\XBOX\PROJECTS\XBOXTLS\RELEASE\RSA_I31_PUB.OBJ
C:\USERS\STAND\PROGRAMING_LOCAL\C\XBOX\PROJECTS\XBOXTLS\RELEASE\RSA_I31_PUBEXP.OBJ
C:\USERS\STAND\PROGRAMING_LOCAL\C\XBOX\PROJECTS\XBOXTLS\RELEASE\RSA_I32_OAEP_DECRYPT.OBJ
C:\USERS\STAND\PROGRAMING_LOCAL\C\XBOX\PROJECTS\XBOXTLS\RELEASE\RSA_I32_OAEP_ENCRYPT.OBJ
C:\USERS\STAND\PROGRAMING_LOCAL\C\XBOX\PROJECTS\XBOXTLS\RELEASE\RSA_I32_PKCS1_SIGN.OBJ
C:\USERS\STAND\PROGRAMING_LOCAL\C\XBOX\PROJECTS\XBOXTLS\RELEASE\RSA_I32_PKCS1_VRFY.OBJ
C:\USERS\STAND\PROGRAMING_LOCAL\C\XBOX\PROJECTS\XBOXTLS\RELEASE\RSA_I32_PRIV.OBJ
C:\USERS\STAND\PROGRAMING_LOCAL\C\XBOX\PROJECTS\XBOXTLS\RELEASE\RSA_I32_PSS_SIGN.OBJ
C:\USERS\STAND\PROGRAMING_LOCAL\C\XBOX\PROJECTS\XBOXTLS\RELEASE\RSA_I32_PSS_VRFY.OBJ
C:\USERS\STAND\PROGRAMING_LOCAL\C\XBOX\PROJECTS\XBOXTLS\RELEASE\RSA_I32_PUB.OBJ
C:\USERS\STAND\PROGRAMING_LOCAL\C\XBOX\PROJECTS\XBOXTLS\RELEASE\RSA_I62_KEYGEN.OBJ
C:\USERS\STAND\PROGRAMING_LOCAL\C\XBOX\PROJECTS\XBOXTLS\RELEASE\RSA_I62_OAEP_DECRYPT.OBJ
C:\USERS\STAND\PROGRAMING_LOCAL\C\XBOX\PROJECTS\XBOXTLS\RELEASE\RSA_I62_OAEP_ENCRYPT.OBJ
C:\USERS\STAND\PROGRAMING_LOCAL\C\XBOX\PROJECTS\XBOXTLS\RELEASE\RSA_I62_PKCS1_SIGN.OBJ
C:\USERS\STAND\PROGRAMING_LOCAL\C\XBOX\PROJECTS\XBOXTLS\RELEASE\RSA_I62_PKCS1_VRFY.OBJ
C:\USERS\STAND\PROGRAMING_LOCAL\C\XBOX\PROJECTS\XBOXTLS\RELEASE\RSA_I62_PRIV.OBJ
C:\USERS\STAND\PROGRAMING_LOCAL\C\XBOX\PROJECTS\XBOXTLS\RELEASE\RSA_I62_PSS_SIGN.OBJ
C:\USERS\STAND\PROGRAMING_LOCAL\C\XBOX\PROJECTS\XBOXTLS\RELEASE\RSA_I62_PSS_VRFY.OBJ
C:\USERS\STAND\PROGRAMING_LOCAL\C\XBOX\PROJECTS\XBOXTLS\RELEASE\RSA_I62_PUB.OBJ
C:\USERS\STAND\PROGRAMING_LOCAL\C\XBOX\PROJECTS\XBOXTLS\RELEASE\RSA_OAEP_PAD.OBJ
C:\USERS\STAND\PROGRAMING_LOCAL\C\XBOX\PROJECTS\XBOXTLS\RELEASE\RSA_OAEP_UNPAD.OBJ
C:\USERS\STAND\PROGRAMING_LOCAL\C\XBOX\PROJECTS\XBOXTLS\RELEASE\RSA_PKCS1_SIG_PAD.OBJ
C:\USERS\STAND\PROGRAMING_LOCAL\C\XBOX\PROJECTS\XBOXTLS\RELEASE\RSA_PKCS1_SIG_UNPAD.OBJ
C:\USERS\STAND\PROGRAMING_LOCAL\C\XBOX\PROJECTS\XBOXTLS\RELEASE\RSA_PSS_SIG_PAD.OBJ
C:\USERS\STAND\PROGRAMING_LOCAL\C\XBOX\PROJECTS\XBOXTLS\RELEASE\RSA_PSS_SIG_UNPAD.OBJ
C:\USERS\STAND\PROGRAMING_LOCAL\C\XBOX\PROJECTS\XBOXTLS\RELEASE\RSA_SSL_DECRYPT.OBJ
C:\USERS\STAND\PROGRAMING_LOCAL\C\XBOX\PROJECTS\XBOXTLS\RELEASE\SETTINGS.OBJ
C:\USERS\STAND\PROGRAMING_LOCAL\C\XBOX\PROJECTS\XBOXTLS\RELEASE\SHA1.OBJ
C:\USERS\STAND\PROGRAMING_LOCAL\C\XBOX\PROJECTS\XBOXTLS\RELEASE\SHA2BIG.OBJ
C:\USERS\STAND\PROGRAMING_LOCAL\C\XBOX\PROJECTS\XBOXTLS\RELEASE\SHA2SMALL.OBJ
C:\USERS\STAND\PROGRAMING_LOCAL\C\XBOX\PROJECTS\XBOXTLS\RELEASE\SKEY_DECODER.OBJ
C:\USERS\STAND\PROGRAMING_LOCAL\C\XBOX\PROJECTS\XBOXTLS\RELEASE\SSL_CCERT_SINGLE_EC.OBJ
C:\USERS\STAND\PROGRAMING_LOCAL\C\XBOX\PROJECTS\XBOXTLS\RELEASE\SSL_CCERT_SINGLE_RSA.OBJ
C:\USERS\STAND\PROGRAMING_LOCAL\C\XBOX\PROJECTS\XBOXTLS\RELEASE\SSL_CLIENT.OBJ
C:\USERS\STAND\PROGRAMING_LOCAL\C\XBOX\PROJECTS\XBOXTLS\RELEASE\SSL_CLIENT_DEFAULT_RSAPUB.OBJ
C:\USERS\STAND\PROGRAMING_LOCAL\C\XBOX\PROJECTS\XBOXTLS\RELEASE\SSL_CLIENT_FULL.OBJ
C:\USERS\STAND\PROGRAMING_LOCAL\C\XBOX\PROJECTS\XBOXTLS\RELEASE\SSL_ENGINE.OBJ
C:\USERS\STAND\PROGRAMING_LOCAL\C\XBOX\PROJECTS\XBOXTLS\RELEASE\SSL_ENGINE_DEFAULT_AESCBC.OBJ
C:\USERS\STAND\PROGRAMING_LOCAL\C\XBOX\PROJECTS\XBOXTLS\RELEASE\SSL_ENGINE_DEFAULT_AESCCM.OBJ
C:\USERS\STAND\PROGRAMING_LOCAL\C\XBOX\PROJECTS\XBOXTLS\RELEASE\SSL_ENGINE_DEFAULT_AESGCM.OBJ
C:\USERS\STAND\PROGRAMING_LOCAL\C\XBOX\PROJECTS\XBOXTLS\RELEASE\SSL_ENGINE_DEFAULT_CHAPOL.OBJ
C:\USERS\STAND\PROGRAMING_LOCAL\C\XBOX\PROJECTS\XBOXTLS\RELEASE\SSL_ENGINE_DEFAULT_DESCBC.OBJ
C:\USERS\STAND\PROGRAMING_LOCAL\C\XBOX\PROJECTS\XBOXTLS\RELEASE\SSL_ENGINE_DEFAULT_EC.OBJ
C:\USERS\STAND\PROGRAMING_LOCAL\C\XBOX\PROJECTS\XBOXTLS\RELEASE\SSL_ENGINE_DEFAULT_ECDSA.OBJ
C:\USERS\STAND\PROGRAMING_LOCAL\C\XBOX\PROJECTS\XBOXTLS\RELEASE\SSL_ENGINE_DEFAULT_RSAVRFY.OBJ
C:\USERS\STAND\PROGRAMING_LOCAL\C\XBOX\PROJECTS\XBOXTLS\RELEASE\SSL_HASHES.OBJ
C:\USERS\STAND\PROGRAMING_LOCAL\C\XBOX\PROJECTS\XBOXTLS\RELEASE\SSL_HS_CLIENT.OBJ
C:\USERS\STAND\PROGRAMING_LOCAL\C\XBOX\PROJECTS\XBOXTLS\RELEASE\SSL_HS_SERVER.OBJ
C:\USERS\STAND\PROGRAMING_LOCAL\C\XBOX\PROJECTS\XBOXTLS\RELEASE\SSL_IO.OBJ
C:\USERS\STAND\PROGRAMING_LOCAL\C\XBOX\PROJECTS\XBOXTLS\RELEASE\SSL_KEYEXPORT.OBJ
C:\USERS\STAND\PROGRAMING_LOCAL\C\XBOX\PROJECTS\XBOXTLS\RELEASE\SSL_LRU.OBJ
C:\USERS\STAND\PROGRAMING_LOCAL\C\XBOX\PROJECTS\XBOXTLS\RELEASE\SSL_REC_CBC.OBJ
C:\USERS\STAND\PROGRAMING_LOCAL\C\XBOX\PROJECTS\XBOXTLS\RELEASE\SSL_REC_CCM.OBJ
C:\USERS\STAND\PROGRAMING_LOCAL\C\XBOX\PROJECTS\XBOXTLS\RELEASE\SSL_REC_CHAPOL.OBJ
C:\USERS\STAND\PROGRAMING_LOCAL\C\XBOX\PROJECTS\XBOXTLS\RELEASE\SSL_REC_GCM.OBJ
C:\USERS\STAND\PROGRAMING_LOCAL\C\XBOX\PROJECTS\XBOXTLS\RELEASE\SSL_SCERT_SINGLE_EC.OBJ
C:\USERS\STAND\PROGRAMING_LOCAL\C\XBOX\PROJECTS\XBOXTLS\RELEASE\SSL_SCERT_SINGLE_RSA.OBJ
C:\USERS\STAND\PROGRAMING_LOCAL\C\XBOX\PROJECTS\XBOXTLS\RELEASE\SSL_SERVER.OBJ
C:\USERS\STAND\PROGRAMING_LOCAL\C\XBOX\PROJECTS\XBOXTLS\RELEASE\SSL_SERVER_FULL_EC.OBJ
C:\USERS\STAND\PROGRAMING_LOCAL\C\XBOX\PROJECTS\XBOXTLS\RELEASE\SSL_SERVER_FULL_RSA.OBJ
C:\USERS\STAND\PROGRAMING_LOCAL\C\XBOX\PROJECTS\XBOXTLS\RELEASE\SSL_SERVER_MINE2C.OBJ
C:\USERS\STAND\PROGRAMING_LOCAL\C\XBOX\PROJECTS\XBOXTLS\RELEASE\SSL_SERVER_MINE2G.OBJ
C:\USERS\STAND\PROGRAMING_LOCAL\C\XBOX\PROJECTS\XBOXTLS\RELEASE\SSL_SERVER_MINF2C.OBJ
C:\USERS\STAND\PROGRAMING_LOCAL\C\XBOX\PROJECTS\XBOXTLS\RELEASE\SSL_SERVER_MINF2G.OBJ
C:\USERS\STAND\PROGRAMING_LOCAL\C\XBOX\PROJECTS\XBOXTLS\RELEASE\SSL_SERVER_MINR2G.OBJ
C:\USERS\STAND\PROGRAMING_LOCAL\C\XBOX\PROJECTS\XBOXTLS\RELEASE\SSL_SERVER_MINU2G.OBJ
C:\USERS\STAND\PROGRAMING_LOCAL\C\XBOX\PROJECTS\XBOXTLS\RELEASE\SSL_SERVER_MINV2G.OBJ
C:\USERS\STAND\PROGRAMING_LOCAL\C\XBOX\PROJECTS\XBOXTLS\RELEASE\SYSRNG.OBJ
C:\USERS\STAND\PROGRAMING_LOCAL\C\XBOX\PROJECTS\XBOXTLS\RELEASE\VC100.PDB
C:\USERS\STAND\PROGRAMING_LOCAL\C\XBOX\PROJECTS\XBOXTLS\RELEASE\X509_DECODER.OBJ
C:\USERS\STAND\PROGRAMING_LOCAL\C\XBOX\PROJECTS\XBOXTLS\RELEASE\X509_KNOWNKEY.OBJ
C:\USERS\STAND\PROGRAMING_LOCAL\C\XBOX\PROJECTS\XBOXTLS\RELEASE\X509_MINIMAL.OBJ
C:\USERS\STAND\PROGRAMING_LOCAL\C\XBOX\PROJECTS\XBOXTLS\RELEASE\X509_MINIMAL_FULL.OBJ
C:\USERS\STAND\PROGRAMING_LOCAL\C\XBOX\PROJECTS\XBOXTLS\RELEASE\XBOXTLS.EXE
C:\USERS\STAND\PROGRAMING_LOCAL\C\XBOX\PROJECTS\XBOXTLS\RELEASE\XBOXTLS.OBJ
C:\USERS\STAND\PROGRAMING_LOCAL\C\XBOX\PROJECTS\XBOXTLS\RELEASE\XBOXTLS.PDB
C:\Users\stand\Programing_Local\C\XBOX\projects\XboxTLS\Release\XboxTLS.write.1.tlog
C:\Users\stand\Programing_Local\C\XBOX\projects\XboxTLS\Release\XboxTLS.xdb
C:\Users\stand\Programing_Local\C\XBOX\projects\XboxTLS\Release\XboxTLS.xex
C:\Users\stand\Programing_Local\C\XBOX\projects\XboxTLS\Release\XboxTLS2.vcxprojResolveAssemblyReference.cache
