C:\USERS\STAND\PROGRAMING_LOCAL\C\XBOX\PROJECTS\XBOXTLS\COMMON\RELEASE\ATGANIMATION.OBJ
C:\USERS\STAND\PROGRAMING_LOCAL\C\XBOX\PROJECTS\XBOXTLS\COMMON\RELEASE\ATGAPP.OBJ
C:\USERS\STAND\PROGRAMING_LOCAL\C\XBOX\PROJECTS\XBOXTLS\COMMON\RELEASE\ATGAUDIO.OBJ
C:\USERS\STAND\PROGRAMING_LOCAL\C\XBOX\PROJECTS\XBOXTLS\COMMON\RELEASE\ATGAVATARRENDERER.OBJ
C:\USERS\STAND\PROGRAMING_LOCAL\C\XBOX\PROJECTS\XBOXTLS\COMMON\RELEASE\ATGBOUND.OBJ
C:\USERS\STAND\PROGRAMING_LOCAL\C\XBOX\PROJECTS\XBOXTLS\COMMON\RELEASE\ATGCAMERA.OBJ
C:\USERS\STAND\PROGRAMING_LOCAL\C\XBOX\PROJECTS\XBOXTLS\COMMON\RELEASE\ATGCOLLISION.OBJ
C:\USERS\STAND\PROGRAMING_LOCAL\C\XBOX\PROJECTS\XBOXTLS\COMMON\RELEASE\ATGCONSOLE.OBJ
C:\USERS\STAND\PROGRAMING_LOCAL\C\XBOX\PROJECTS\XBOXTLS\COMMON\RELEASE\ATGDEBUGDRAW.OBJ
C:\USERS\STAND\PROGRAMING_LOCAL\C\XBOX\PROJECTS\XBOXTLS\COMMON\RELEASE\ATGDEVICE.OBJ
C:\USERS\STAND\PROGRAMING_LOCAL\C\XBOX\PROJECTS\XBOXTLS\COMMON\RELEASE\ATGDSP.OBJ
C:\USERS\STAND\PROGRAMING_LOCAL\C\XBOX\PROJECTS\XBOXTLS\COMMON\RELEASE\ATGENUMSTRINGS.OBJ
C:\USERS\STAND\PROGRAMING_LOCAL\C\XBOX\PROJECTS\XBOXTLS\COMMON\RELEASE\ATGFONT.OBJ
C:\USERS\STAND\PROGRAMING_LOCAL\C\XBOX\PROJECTS\XBOXTLS\COMMON\RELEASE\ATGFRAME.OBJ
C:\USERS\STAND\PROGRAMING_LOCAL\C\XBOX\PROJECTS\XBOXTLS\COMMON\RELEASE\ATGFRAMEWORK.LIB
C:\USERS\STAND\PROGRAMING_LOCAL\C\XBOX\PROJECTS\XBOXTLS\COMMON\RELEASE\ATGFRAMEWORK.PCH
C:\Users\stand\Programing_Local\C\XBOX\projects\XboxTLS\Common\Release\AtgFramework.write.1.tlog
C:\Users\stand\Programing_Local\C\XBOX\projects\XboxTLS\Common\Release\AtgFramework2010.vcxprojResolveAssemblyReference.cache
C:\USERS\STAND\PROGRAMING_LOCAL\C\XBOX\PROJECTS\XBOXTLS\COMMON\RELEASE\ATGHELP.OBJ
C:\USERS\STAND\PROGRAMING_LOCAL\C\XBOX\PROJECTS\XBOXTLS\COMMON\RELEASE\ATGHTTP.OBJ
C:\USERS\STAND\PROGRAMING_LOCAL\C\XBOX\PROJECTS\XBOXTLS\COMMON\RELEASE\ATGINPUT.OBJ
C:\USERS\STAND\PROGRAMING_LOCAL\C\XBOX\PROJECTS\XBOXTLS\COMMON\RELEASE\ATGJSON.OBJ
C:\USERS\STAND\PROGRAMING_LOCAL\C\XBOX\PROJECTS\XBOXTLS\COMMON\RELEASE\ATGLIGHT.OBJ
C:\USERS\STAND\PROGRAMING_LOCAL\C\XBOX\PROJECTS\XBOXTLS\COMMON\RELEASE\ATGMATERIALS.OBJ
C:\USERS\STAND\PROGRAMING_LOCAL\C\XBOX\PROJECTS\XBOXTLS\COMMON\RELEASE\ATGMEDIALOCATOR.OBJ
C:\USERS\STAND\PROGRAMING_LOCAL\C\XBOX\PROJECTS\XBOXTLS\COMMON\RELEASE\ATGMESH.OBJ
C:\USERS\STAND\PROGRAMING_LOCAL\C\XBOX\PROJECTS\XBOXTLS\COMMON\RELEASE\ATGMODEL.OBJ
C:\USERS\STAND\PROGRAMING_LOCAL\C\XBOX\PROJECTS\XBOXTLS\COMMON\RELEASE\ATGNAMEDTYPEDOBJECT.OBJ
C:\USERS\STAND\PROGRAMING_LOCAL\C\XBOX\PROJECTS\XBOXTLS\COMMON\RELEASE\ATGNUICOMMON.OBJ
C:\USERS\STAND\PROGRAMING_LOCAL\C\XBOX\PROJECTS\XBOXTLS\COMMON\RELEASE\ATGNUIHANDREFINEMENT.OBJ
C:\USERS\STAND\PROGRAMING_LOCAL\C\XBOX\PROJECTS\XBOXTLS\COMMON\RELEASE\ATGNUIJOINTCONVERTER.OBJ
C:\USERS\STAND\PROGRAMING_LOCAL\C\XBOX\PROJECTS\XBOXTLS\COMMON\RELEASE\ATGNUIJOINTFILTER.OBJ
C:\USERS\STAND\PROGRAMING_LOCAL\C\XBOX\PROJECTS\XBOXTLS\COMMON\RELEASE\ATGNUIMENU.OBJ
C:\USERS\STAND\PROGRAMING_LOCAL\C\XBOX\PROJECTS\XBOXTLS\COMMON\RELEASE\ATGNUIRELATIVECOORDINATES.OBJ
C:\USERS\STAND\PROGRAMING_LOCAL\C\XBOX\PROJECTS\XBOXTLS\COMMON\RELEASE\ATGNUIVISUALIZATION.OBJ
C:\USERS\STAND\PROGRAMING_LOCAL\C\XBOX\PROJECTS\XBOXTLS\COMMON\RELEASE\ATGPOSTPROCESS.OBJ
C:\USERS\STAND\PROGRAMING_LOCAL\C\XBOX\PROJECTS\XBOXTLS\COMMON\RELEASE\ATGRESOURCE.OBJ
C:\USERS\STAND\PROGRAMING_LOCAL\C\XBOX\PROJECTS\XBOXTLS\COMMON\RELEASE\ATGRESOURCEDATABASE.OBJ
C:\USERS\STAND\PROGRAMING_LOCAL\C\XBOX\PROJECTS\XBOXTLS\COMMON\RELEASE\ATGREST.OBJ
C:\USERS\STAND\PROGRAMING_LOCAL\C\XBOX\PROJECTS\XBOXTLS\COMMON\RELEASE\ATGSCENE.OBJ
C:\USERS\STAND\PROGRAMING_LOCAL\C\XBOX\PROJECTS\XBOXTLS\COMMON\RELEASE\ATGSCENEFILEPARSER.OBJ
C:\USERS\STAND\PROGRAMING_LOCAL\C\XBOX\PROJECTS\XBOXTLS\COMMON\RELEASE\ATGSCENEMESH.OBJ
C:\USERS\STAND\PROGRAMING_LOCAL\C\XBOX\PROJECTS\XBOXTLS\COMMON\RELEASE\ATGSESSIONMANAGER.OBJ
C:\USERS\STAND\PROGRAMING_LOCAL\C\XBOX\PROJECTS\XBOXTLS\COMMON\RELEASE\ATGSIGNIN.OBJ
C:\USERS\STAND\PROGRAMING_LOCAL\C\XBOX\PROJECTS\XBOXTLS\COMMON\RELEASE\ATGSIMPLESHADERS.OBJ
C:\USERS\STAND\PROGRAMING_LOCAL\C\XBOX\PROJECTS\XBOXTLS\COMMON\RELEASE\ATGSKELETALANIMATION.OBJ
C:\USERS\STAND\PROGRAMING_LOCAL\C\XBOX\PROJECTS\XBOXTLS\COMMON\RELEASE\ATGSPECTRALDISPLAY.OBJ
C:\USERS\STAND\PROGRAMING_LOCAL\C\XBOX\PROJECTS\XBOXTLS\COMMON\RELEASE\ATGUTIL.OBJ
C:\USERS\STAND\PROGRAMING_LOCAL\C\XBOX\PROJECTS\XBOXTLS\COMMON\RELEASE\ATGWAVEBANK.OBJ
C:\USERS\STAND\PROGRAMING_LOCAL\C\XBOX\PROJECTS\XBOXTLS\COMMON\RELEASE\ATGXIME.OBJ
C:\USERS\STAND\PROGRAMING_LOCAL\C\XBOX\PROJECTS\XBOXTLS\COMMON\RELEASE\ATGXMLPARSER.OBJ
C:\USERS\STAND\PROGRAMING_LOCAL\C\XBOX\PROJECTS\XBOXTLS\COMMON\RELEASE\ATGXMLWRITER.OBJ
C:\Users\stand\Programing_Local\C\XBOX\projects\XboxTLS\Common\Release\CL.11100.read.1.tlog
C:\Users\stand\Programing_Local\C\XBOX\projects\XboxTLS\Common\Release\CL.11100.write.1.tlog
C:\Users\stand\Programing_Local\C\XBOX\projects\XboxTLS\Common\Release\CL.16316.read.1.tlog
C:\Users\stand\Programing_Local\C\XBOX\projects\XboxTLS\Common\Release\CL.16316.write.1.tlog
C:\Users\stand\Programing_Local\C\XBOX\projects\XboxTLS\Common\Release\cl.command.1.tlog
C:\Users\stand\Programing_Local\C\XBOX\projects\XboxTLS\Common\Release\CL.read.1.tlog
C:\Users\stand\Programing_Local\C\XBOX\projects\XboxTLS\Common\Release\CL.read.2.tlog
C:\Users\stand\Programing_Local\C\XBOX\projects\XboxTLS\Common\Release\CL.write.1.tlog
C:\Users\stand\Programing_Local\C\XBOX\projects\XboxTLS\Common\Release\lib.command.1.tlog
C:\Users\stand\Programing_Local\C\XBOX\projects\XboxTLS\Common\Release\Lib.read.1.tlog
C:\Users\stand\Programing_Local\C\XBOX\projects\XboxTLS\Common\Release\Lib-link.read.1.tlog
C:\Users\stand\Programing_Local\C\XBOX\projects\XboxTLS\Common\Release\Lib-link.write.1.tlog
C:\USERS\STAND\PROGRAMING_LOCAL\C\XBOX\PROJECTS\XBOXTLS\COMMON\RELEASE\STDAFX.OBJ
C:\USERS\STAND\PROGRAMING_LOCAL\C\XBOX\PROJECTS\XBOXTLS\COMMON\RELEASE\VC100.PDB
