C:\USERS\STAND\PROGRAMING_LOCAL\C\XBOX\PROJECTS\SPLIT XISO EXTRACT\SIMPLE 360 NAND FLASHER\COMMON\RELEASE_LTCG\ATGANIMATION.OBJ
C:\USERS\STAND\PROGRAMING_LOCAL\C\XBOX\PROJECTS\SPLIT XISO EXTRACT\SIMPLE 360 NAND FLASHER\COMMON\RELEASE_LTCG\ATGAPP.OBJ
C:\USERS\STAND\PROGRAMING_LOCAL\C\XBOX\PROJECTS\SPLIT XISO EXTRACT\SIMPLE 360 NAND FLASHER\COMMON\RELEASE_LTCG\ATGAUDIO.OBJ
C:\USERS\STAND\PROGRAMING_LOCAL\C\XBOX\PROJECTS\SPLIT XISO EXTRACT\SIMPLE 360 NAND FLASHER\COMMON\RELEASE_LTCG\ATGAVATARRENDERER.OBJ
C:\USERS\STAND\PROGRAMING_LOCAL\C\XBOX\PROJECTS\SPLIT XISO EXTRACT\SIMPLE 360 NAND FLASHER\COMMON\RELEASE_LTCG\ATGBOUND.OBJ
C:\USERS\STAND\PROGRAMING_LOCAL\C\XBOX\PROJECTS\SPLIT XISO EXTRACT\SIMPLE 360 NAND FLASHER\COMMON\RELEASE_LTCG\ATGCAMERA.OBJ
C:\USERS\STAND\PROGRAMING_LOCAL\C\XBOX\PROJECTS\SPLIT XISO EXTRACT\SIMPLE 360 NAND FLASHER\COMMON\RELEASE_LTCG\ATGCOLLISION.OBJ
C:\USERS\STAND\PROGRAMING_LOCAL\C\XBOX\PROJECTS\SPLIT XISO EXTRACT\SIMPLE 360 NAND FLASHER\COMMON\RELEASE_LTCG\ATGCONSOLE.OBJ
C:\USERS\STAND\PROGRAMING_LOCAL\C\XBOX\PROJECTS\SPLIT XISO EXTRACT\SIMPLE 360 NAND FLASHER\COMMON\RELEASE_LTCG\ATGDEBUGDRAW.OBJ
C:\USERS\STAND\PROGRAMING_LOCAL\C\XBOX\PROJECTS\SPLIT XISO EXTRACT\SIMPLE 360 NAND FLASHER\COMMON\RELEASE_LTCG\ATGDEVICE.OBJ
C:\USERS\STAND\PROGRAMING_LOCAL\C\XBOX\PROJECTS\SPLIT XISO EXTRACT\SIMPLE 360 NAND FLASHER\COMMON\RELEASE_LTCG\ATGDSP.OBJ
C:\USERS\STAND\PROGRAMING_LOCAL\C\XBOX\PROJECTS\SPLIT XISO EXTRACT\SIMPLE 360 NAND FLASHER\COMMON\RELEASE_LTCG\ATGENUMSTRINGS.OBJ
C:\USERS\STAND\PROGRAMING_LOCAL\C\XBOX\PROJECTS\SPLIT XISO EXTRACT\SIMPLE 360 NAND FLASHER\COMMON\RELEASE_LTCG\ATGFONT.OBJ
C:\USERS\STAND\PROGRAMING_LOCAL\C\XBOX\PROJECTS\SPLIT XISO EXTRACT\SIMPLE 360 NAND FLASHER\COMMON\RELEASE_LTCG\ATGFRAME.OBJ
C:\USERS\STAND\PROGRAMING_LOCAL\C\XBOX\PROJECTS\SPLIT XISO EXTRACT\SIMPLE 360 NAND FLASHER\COMMON\RELEASE_LTCG\ATGFRAMEWORK.LIB
C:\USERS\STAND\PROGRAMING_LOCAL\C\XBOX\PROJECTS\SPLIT XISO EXTRACT\SIMPLE 360 NAND FLASHER\COMMON\RELEASE_LTCG\ATGFRAMEWORK.PCH
C:\Users\stand\Programing_Local\C\XBOX\projects\split xiso extract\Simple 360 NAND Flasher\Common\Release_LTCG\AtgFramework.write.1.tlog
C:\Users\stand\Programing_Local\C\XBOX\projects\split xiso extract\Simple 360 NAND Flasher\Common\Release_LTCG\AtgFramework2010.vcxprojResolveAssemblyReference.cache
C:\USERS\STAND\PROGRAMING_LOCAL\C\XBOX\PROJECTS\SPLIT XISO EXTRACT\SIMPLE 360 NAND FLASHER\COMMON\RELEASE_LTCG\ATGHELP.OBJ
C:\USERS\STAND\PROGRAMING_LOCAL\C\XBOX\PROJECTS\SPLIT XISO EXTRACT\SIMPLE 360 NAND FLASHER\COMMON\RELEASE_LTCG\ATGHTTP.OBJ
C:\USERS\STAND\PROGRAMING_LOCAL\C\XBOX\PROJECTS\SPLIT XISO EXTRACT\SIMPLE 360 NAND FLASHER\COMMON\RELEASE_LTCG\ATGINPUT.OBJ
C:\USERS\STAND\PROGRAMING_LOCAL\C\XBOX\PROJECTS\SPLIT XISO EXTRACT\SIMPLE 360 NAND FLASHER\COMMON\RELEASE_LTCG\ATGJSON.OBJ
C:\USERS\STAND\PROGRAMING_LOCAL\C\XBOX\PROJECTS\SPLIT XISO EXTRACT\SIMPLE 360 NAND FLASHER\COMMON\RELEASE_LTCG\ATGLIGHT.OBJ
C:\USERS\STAND\PROGRAMING_LOCAL\C\XBOX\PROJECTS\SPLIT XISO EXTRACT\SIMPLE 360 NAND FLASHER\COMMON\RELEASE_LTCG\ATGMATERIALS.OBJ
C:\USERS\STAND\PROGRAMING_LOCAL\C\XBOX\PROJECTS\SPLIT XISO EXTRACT\SIMPLE 360 NAND FLASHER\COMMON\RELEASE_LTCG\ATGMEDIALOCATOR.OBJ
C:\USERS\STAND\PROGRAMING_LOCAL\C\XBOX\PROJECTS\SPLIT XISO EXTRACT\SIMPLE 360 NAND FLASHER\COMMON\RELEASE_LTCG\ATGMESH.OBJ
C:\USERS\STAND\PROGRAMING_LOCAL\C\XBOX\PROJECTS\SPLIT XISO EXTRACT\SIMPLE 360 NAND FLASHER\COMMON\RELEASE_LTCG\ATGMODEL.OBJ
C:\USERS\STAND\PROGRAMING_LOCAL\C\XBOX\PROJECTS\SPLIT XISO EXTRACT\SIMPLE 360 NAND FLASHER\COMMON\RELEASE_LTCG\ATGNAMEDTYPEDOBJECT.OBJ
C:\USERS\STAND\PROGRAMING_LOCAL\C\XBOX\PROJECTS\SPLIT XISO EXTRACT\SIMPLE 360 NAND FLASHER\COMMON\RELEASE_LTCG\ATGNUICOMMON.OBJ
C:\USERS\STAND\PROGRAMING_LOCAL\C\XBOX\PROJECTS\SPLIT XISO EXTRACT\SIMPLE 360 NAND FLASHER\COMMON\RELEASE_LTCG\ATGNUIHANDREFINEMENT.OBJ
C:\USERS\STAND\PROGRAMING_LOCAL\C\XBOX\PROJECTS\SPLIT XISO EXTRACT\SIMPLE 360 NAND FLASHER\COMMON\RELEASE_LTCG\ATGNUIJOINTCONVERTER.OBJ
C:\USERS\STAND\PROGRAMING_LOCAL\C\XBOX\PROJECTS\SPLIT XISO EXTRACT\SIMPLE 360 NAND FLASHER\COMMON\RELEASE_LTCG\ATGNUIJOINTFILTER.OBJ
C:\USERS\STAND\PROGRAMING_LOCAL\C\XBOX\PROJECTS\SPLIT XISO EXTRACT\SIMPLE 360 NAND FLASHER\COMMON\RELEASE_LTCG\ATGNUIMENU.OBJ
C:\USERS\STAND\PROGRAMING_LOCAL\C\XBOX\PROJECTS\SPLIT XISO EXTRACT\SIMPLE 360 NAND FLASHER\COMMON\RELEASE_LTCG\ATGNUIRELATIVECOORDINATES.OBJ
C:\USERS\STAND\PROGRAMING_LOCAL\C\XBOX\PROJECTS\SPLIT XISO EXTRACT\SIMPLE 360 NAND FLASHER\COMMON\RELEASE_LTCG\ATGNUIVISUALIZATION.OBJ
C:\USERS\STAND\PROGRAMING_LOCAL\C\XBOX\PROJECTS\SPLIT XISO EXTRACT\SIMPLE 360 NAND FLASHER\COMMON\RELEASE_LTCG\ATGPOSTPROCESS.OBJ
C:\USERS\STAND\PROGRAMING_LOCAL\C\XBOX\PROJECTS\SPLIT XISO EXTRACT\SIMPLE 360 NAND FLASHER\COMMON\RELEASE_LTCG\ATGRESOURCE.OBJ
C:\USERS\STAND\PROGRAMING_LOCAL\C\XBOX\PROJECTS\SPLIT XISO EXTRACT\SIMPLE 360 NAND FLASHER\COMMON\RELEASE_LTCG\ATGRESOURCEDATABASE.OBJ
C:\USERS\STAND\PROGRAMING_LOCAL\C\XBOX\PROJECTS\SPLIT XISO EXTRACT\SIMPLE 360 NAND FLASHER\COMMON\RELEASE_LTCG\ATGREST.OBJ
C:\USERS\STAND\PROGRAMING_LOCAL\C\XBOX\PROJECTS\SPLIT XISO EXTRACT\SIMPLE 360 NAND FLASHER\COMMON\RELEASE_LTCG\ATGSCENE.OBJ
C:\USERS\STAND\PROGRAMING_LOCAL\C\XBOX\PROJECTS\SPLIT XISO EXTRACT\SIMPLE 360 NAND FLASHER\COMMON\RELEASE_LTCG\ATGSCENEFILEPARSER.OBJ
C:\USERS\STAND\PROGRAMING_LOCAL\C\XBOX\PROJECTS\SPLIT XISO EXTRACT\SIMPLE 360 NAND FLASHER\COMMON\RELEASE_LTCG\ATGSCENEMESH.OBJ
C:\USERS\STAND\PROGRAMING_LOCAL\C\XBOX\PROJECTS\SPLIT XISO EXTRACT\SIMPLE 360 NAND FLASHER\COMMON\RELEASE_LTCG\ATGSESSIONMANAGER.OBJ
C:\USERS\STAND\PROGRAMING_LOCAL\C\XBOX\PROJECTS\SPLIT XISO EXTRACT\SIMPLE 360 NAND FLASHER\COMMON\RELEASE_LTCG\ATGSIGNIN.OBJ
C:\USERS\STAND\PROGRAMING_LOCAL\C\XBOX\PROJECTS\SPLIT XISO EXTRACT\SIMPLE 360 NAND FLASHER\COMMON\RELEASE_LTCG\ATGSIMPLESHADERS.OBJ
C:\USERS\STAND\PROGRAMING_LOCAL\C\XBOX\PROJECTS\SPLIT XISO EXTRACT\SIMPLE 360 NAND FLASHER\COMMON\RELEASE_LTCG\ATGSKELETALANIMATION.OBJ
C:\USERS\STAND\PROGRAMING_LOCAL\C\XBOX\PROJECTS\SPLIT XISO EXTRACT\SIMPLE 360 NAND FLASHER\COMMON\RELEASE_LTCG\ATGSPECTRALDISPLAY.OBJ
C:\USERS\STAND\PROGRAMING_LOCAL\C\XBOX\PROJECTS\SPLIT XISO EXTRACT\SIMPLE 360 NAND FLASHER\COMMON\RELEASE_LTCG\ATGUTIL.OBJ
C:\USERS\STAND\PROGRAMING_LOCAL\C\XBOX\PROJECTS\SPLIT XISO EXTRACT\SIMPLE 360 NAND FLASHER\COMMON\RELEASE_LTCG\ATGWAVEBANK.OBJ
C:\USERS\STAND\PROGRAMING_LOCAL\C\XBOX\PROJECTS\SPLIT XISO EXTRACT\SIMPLE 360 NAND FLASHER\COMMON\RELEASE_LTCG\ATGXIME.OBJ
C:\USERS\STAND\PROGRAMING_LOCAL\C\XBOX\PROJECTS\SPLIT XISO EXTRACT\SIMPLE 360 NAND FLASHER\COMMON\RELEASE_LTCG\ATGXMLPARSER.OBJ
C:\USERS\STAND\PROGRAMING_LOCAL\C\XBOX\PROJECTS\SPLIT XISO EXTRACT\SIMPLE 360 NAND FLASHER\COMMON\RELEASE_LTCG\ATGXMLWRITER.OBJ
C:\Users\stand\Programing_Local\C\XBOX\projects\split xiso extract\Simple 360 NAND Flasher\Common\Release_LTCG\CL.2748.read.1.tlog
C:\Users\stand\Programing_Local\C\XBOX\projects\split xiso extract\Simple 360 NAND Flasher\Common\Release_LTCG\CL.2748.write.1.tlog
C:\Users\stand\Programing_Local\C\XBOX\projects\split xiso extract\Simple 360 NAND Flasher\Common\Release_LTCG\CL.4348.read.1.tlog
C:\Users\stand\Programing_Local\C\XBOX\projects\split xiso extract\Simple 360 NAND Flasher\Common\Release_LTCG\CL.4348.write.1.tlog
C:\Users\stand\Programing_Local\C\XBOX\projects\split xiso extract\Simple 360 NAND Flasher\Common\Release_LTCG\cl.command.1.tlog
C:\Users\stand\Programing_Local\C\XBOX\projects\split xiso extract\Simple 360 NAND Flasher\Common\Release_LTCG\CL.read.1.tlog
C:\Users\stand\Programing_Local\C\XBOX\projects\split xiso extract\Simple 360 NAND Flasher\Common\Release_LTCG\CL.read.2.tlog
C:\Users\stand\Programing_Local\C\XBOX\projects\split xiso extract\Simple 360 NAND Flasher\Common\Release_LTCG\CL.write.1.tlog
C:\Users\stand\Programing_Local\C\XBOX\projects\split xiso extract\Simple 360 NAND Flasher\Common\Release_LTCG\lib.command.1.tlog
C:\Users\stand\Programing_Local\C\XBOX\projects\split xiso extract\Simple 360 NAND Flasher\Common\Release_LTCG\Lib.read.1.tlog
C:\Users\stand\Programing_Local\C\XBOX\projects\split xiso extract\Simple 360 NAND Flasher\Common\Release_LTCG\Lib-link.read.1.tlog
C:\Users\stand\Programing_Local\C\XBOX\projects\split xiso extract\Simple 360 NAND Flasher\Common\Release_LTCG\Lib-link.write.1.tlog
C:\USERS\STAND\PROGRAMING_LOCAL\C\XBOX\PROJECTS\SPLIT XISO EXTRACT\SIMPLE 360 NAND FLASHER\COMMON\RELEASE_LTCG\STDAFX.OBJ
C:\USERS\STAND\PROGRAMING_LOCAL\C\XBOX\PROJECTS\SPLIT XISO EXTRACT\SIMPLE 360 NAND FLASHER\COMMON\RELEASE_LTCG\VC100.PDB
